<?xml version="1.0" encoding="UTF-8"?>
<testng-results ignored="0" total="2" passed="2" failed="0" skipped="0">
  <reporter-output>
  </reporter-output>
  <suite started-at="2024-07-05T08:35:48 IST" name="Default suite" finished-at="2024-07-05T08:36:09 IST" duration-ms="20317">
    <groups>
    </groups>
    <test started-at="2024-07-05T08:35:48 IST" name="Default test" finished-at="2024-07-05T08:36:09 IST" duration-ms="20317">
      <class name="com.ots.testcases.LoginTest">
        <test-method is-config="true" signature="setup()[pri:0, instance:com.ots.testcases.LoginTest@563f38c4]" started-at="2024-07-05T08:35:49 IST" name="setup" finished-at="2024-07-05T08:35:56 IST" duration-ms="6823" status="PASS">
          <reporter-output>
          </reporter-output>
        </test-method> <!-- setup -->
        <test-method signature="validLogin(java.lang.String,java.lang.String)[pri:0, instance:com.ots.testcases.LoginTest@563f38c4]" started-at="2024-07-05T08:35:56 IST" name="validLogin" data-provider="loginTestData" finished-at="2024-07-05T08:36:01 IST" duration-ms="5665" status="PASS">
          <params>
            <param index="0">
              <value>
                <![CDATA[admin@email.com]]>
              </value>
            </param>
            <param index="1">
              <value>
                <![CDATA[admin@123]]>
              </value>
            </param>
          </params>
          <reporter-output>
          </reporter-output>
        </test-method> <!-- validLogin -->
        <test-method is-config="true" signature="tearDown()[pri:0, instance:com.ots.testcases.LoginTest@563f38c4]" started-at="2024-07-05T08:36:01 IST" name="tearDown" finished-at="2024-07-05T08:36:01 IST" duration-ms="86" status="PASS">
          <reporter-output>
          </reporter-output>
        </test-method> <!-- tearDown -->
        <test-method is-config="true" signature="setup()[pri:0, instance:com.ots.testcases.LoginTest@563f38c4]" started-at="2024-07-05T08:36:01 IST" name="setup" finished-at="2024-07-05T08:36:08 IST" duration-ms="6642" status="PASS">
          <reporter-output>
          </reporter-output>
        </test-method> <!-- setup -->
        <test-method signature="verifyNewUserLink()[pri:0, instance:com.ots.testcases.LoginTest@563f38c4]" started-at="2024-07-05T08:36:08 IST" name="verifyNewUserLink" finished-at="2024-07-05T08:36:09 IST" duration-ms="688" status="PASS">
          <reporter-output>
          </reporter-output>
        </test-method> <!-- verifyNewUserLink -->
        <test-method is-config="true" signature="tearDown()[pri:0, instance:com.ots.testcases.LoginTest@563f38c4]" started-at="2024-07-05T08:36:09 IST" name="tearDown" finished-at="2024-07-05T08:36:09 IST" duration-ms="87" status="PASS">
          <reporter-output>
          </reporter-output>
        </test-method> <!-- tearDown -->
      </class> <!-- com.ots.testcases.LoginTest -->
    </test> <!-- Default test -->
  </suite> <!-- Default suite -->
</testng-results>
