<?xml version="1.0" encoding="UTF-8"?>
<testng-results ignored="0" total="2" passed="2" failed="0" skipped="0">
  <reporter-output>
  </reporter-output>
  <suite started-at="2024-07-25T13:44:29 IST" name="Suite" finished-at="2024-07-25T13:44:39 IST" duration-ms="9876">
    <groups>
    </groups>
    <test started-at="2024-07-25T13:44:29 IST" name="Test" finished-at="2024-07-25T13:44:39 IST" duration-ms="9876">
      <class name="com.ots.testdata.logintest">
        <test-method is-config="true" signature="setup()[pri:0, instance:com.ots.testdata.logintest@363a52f]" started-at="2024-07-25T13:44:30 IST" name="setup" finished-at="2024-07-25T13:44:32 IST" duration-ms="2450" status="PASS">
          <reporter-output>
          </reporter-output>
        </test-method> <!-- setup -->
        <test-method signature="validlogin(java.lang.String,java.lang.String)[pri:0, instance:com.ots.testdata.logintest@363a52f]" started-at="2024-07-25T13:44:32 IST" name="validlogin" data-provider="logintestdata" finished-at="2024-07-25T13:44:35 IST" duration-ms="2869" status="PASS">
          <params>
            <param index="0">
              <value>
                <![CDATA[admin@email.com]]>
              </value>
            </param>
            <param index="1">
              <value>
                <![CDATA[admin@123]]>
              </value>
            </param>
          </params>
          <reporter-output>
          </reporter-output>
        </test-method> <!-- validlogin -->
        <test-method is-config="true" signature="TearDown()[pri:0, instance:com.ots.testdata.logintest@363a52f]" started-at="2024-07-25T13:44:35 IST" name="TearDown" finished-at="2024-07-25T13:44:36 IST" duration-ms="505" status="PASS">
          <reporter-output>
          </reporter-output>
        </test-method> <!-- TearDown -->
        <test-method is-config="true" signature="setup()[pri:0, instance:com.ots.testdata.logintest@363a52f]" started-at="2024-07-25T13:44:36 IST" name="setup" finished-at="2024-07-25T13:44:38 IST" duration-ms="2140" status="PASS">
          <reporter-output>
          </reporter-output>
        </test-method> <!-- setup -->
        <test-method signature="verifylink()[pri:0, instance:com.ots.testdata.logintest@363a52f]" started-at="2024-07-25T13:44:38 IST" name="verifylink" finished-at="2024-07-25T13:44:38 IST" duration-ms="92" status="PASS">
          <reporter-output>
          </reporter-output>
        </test-method> <!-- verifylink -->
        <test-method is-config="true" signature="TearDown()[pri:0, instance:com.ots.testdata.logintest@363a52f]" started-at="2024-07-25T13:44:38 IST" name="TearDown" finished-at="2024-07-25T13:44:39 IST" duration-ms="496" status="PASS">
          <reporter-output>
          </reporter-output>
        </test-method> <!-- TearDown -->
      </class> <!-- com.ots.testdata.logintest -->
    </test> <!-- Test -->
  </suite> <!-- Suite -->
</testng-results>
