<?xml version="1.0" encoding="UTF-8"?>
<testsuite xmlns:xsi="http://www.w3.org/2001/XMLSchema-instance" xsi:noNamespaceSchemaLocation="https://maven.apache.org/surefire/maven-surefire-plugin/xsd/surefire-test-report.xsd" version="3.0.2" name="TestSuite" time="11.791" tests="2" errors="0" skipped="0" failures="0">
  <properties>
[...]
</properties>
  <testcase name="validlogin[admin@email.com, admin@123](1)" classname="com.ots.testdata.logintest" time="3.039">
    <system-out><![CDATA[Thu Jul 25 13:44:29 IST 2024
13_44_29_25_07_2024
preparing data
LOG:INFO - Loading Excel Workbook
LOG:INFO - Excel Workbook Completed
excel data prepared
starting the browser
LOG:INFO - Loading  Config File
LOG:INFO - Config File Loaded
LOG:INFO - Loading  Config File
LOG:INFO - Config File Loaded
 Login Info:starting https://freelance-learn-automation.vercel.app/login onChrome
LOG:INFO - Loading  Config File
LOG:INFO - Config File Loaded
LOG:INFO - Loading  Config File
LOG:INFO - Config File Loaded
LOG:INFO - Loading  Config File
LOG:INFO - Config File Loaded
LOG:INFO - Loading  Config File
LOG:INFO - Config File Loaded
starting the browser up and running
starting test
LOG:INFO - Loading  Config File
LOG:INFO - Config File Loaded
LOG:INFO - Loading  Config File
LOG:INFO - Config File Loaded
Driver value ChromeDriver: chrome on windows (174f5b2f0d2ab34d9164687ae7e2f32b)
LOG:INFO - Loading  Config File
LOG:INFO - Config File Loaded
]]></system-out>
    <system-err><![CDATA[SLF4J: Failed to load class "org.slf4j.impl.StaticLoggerBinder".
SLF4J: Defaulting to no-operation (NOP) logger implementation
SLF4J: See http://www.slf4j.org/codes.html#StaticLoggerBinder for further details.
ERROR StatusLogger Log4j2 could not find a logging implementation. Please add log4j-core to the classpath. Using SimpleLogger to log to the console...
]]></system-err>
  </testcase>
  <testcase name="verifylink" classname="com.ots.testdata.logintest" time="0.443">
    <system-out><![CDATA[closing the browser run after method
close the browser
session closed
starting the browser
LOG:INFO - Loading  Config File
LOG:INFO - Config File Loaded
LOG:INFO - Loading  Config File
LOG:INFO - Config File Loaded
 Login Info:starting https://freelance-learn-automation.vercel.app/login onChrome
LOG:INFO - Loading  Config File
LOG:INFO - Config File Loaded
LOG:INFO - Loading  Config File
LOG:INFO - Config File Loaded
LOG:INFO - Loading  Config File
LOG:INFO - Config File Loaded
LOG:INFO - Loading  Config File
LOG:INFO - Config File Loaded
starting the browser up and running
starting test
Driver value ChromeDriver: chrome on windows (151d0dbe385313a456576065c39e19b4)
LOG:INFO - Loading  Config File
LOG:INFO - Config File Loaded
]]></system-out>
  </testcase>
</testsuite>